[ 2016-09-21T15:16:42+08:00 ] 172.17.0.2 192.168.24.195 GET /
[ log ] 192.168.1.105:9090/ [运行时间：0.004794s][吞吐率：208.59req/s] [内存消耗：277.99kb] [文件加载：33]
[ info ] [ ROUTE ] array (
  'type' => 'module',
  'module' => 
  array (
    0 => '',
    1 => NULL,
    2 => NULL,
  ),
)
[ info ] [ HEADER ] array (
  'home' => '/var/www/vcmycloud',
  'host' => '192.168.1.105:9090',
  'connection' => 'keep-alive',
  'cache-control' => 'max-age=0',
  'accept' => 'text/html,application/xhtml+xml,application/xml;q=0.9,image/webp,*/*;q=0.8',
  'upgrade-insecure-requests' => '1',
  'user-agent' => 'Mozilla/5.0 (Windows NT 10.0; WOW64) AppleWebKit/537.36 (KHTML, like Gecko) Chrome/48.0.2564.116 Safari/537.36',
  'accept-encoding' => 'gzip, deflate, sdch',
  'accept-language' => 'zh-CN,zh;q=0.8',
  'cookie' => 'thinkphp_show_page_trace=1|0',
)
[ info ] [ PARAM ] array (
)
[ info ] [ RUN ] Method [ <user> public method index ] {
  @@ /var/www/vcmycloud/application/index/controller/Index.php 8 - 13
}

[ info ] [ VIEW ] /var/www/vcmycloud/template/default/index/index.html [ array (
) ]
[ info ] [ LOG ] INIT File: array (
  'path' => '/var/www/vcmycloud/application/runtime/log/',
  'level' => 
  array (
  ),
)

---------------------------------------------------------------
[ 2016-09-21T15:16:43+08:00 ] 172.17.0.2 192.168.24.195 GET /
[ log ] 192.168.1.105:9090/ [运行时间：0.006959s][吞吐率：143.70req/s] [内存消耗：237.80kb] [文件加载：31]
[ info ] [ ROUTE ] array (
  'type' => 'module',
  'module' => 
  array (
    0 => '',
    1 => NULL,
    2 => NULL,
  ),
)
[ info ] [ HEADER ] array (
  'home' => '/var/www/vcmycloud',
  'host' => '192.168.1.105:9090',
  'connection' => 'keep-alive',
  'cache-control' => 'max-age=0',
  'accept' => 'text/html,application/xhtml+xml,application/xml;q=0.9,image/webp,*/*;q=0.8',
  'upgrade-insecure-requests' => '1',
  'user-agent' => 'Mozilla/5.0 (Windows NT 10.0; WOW64) AppleWebKit/537.36 (KHTML, like Gecko) Chrome/48.0.2564.116 Safari/537.36',
  'accept-encoding' => 'gzip, deflate, sdch',
  'accept-language' => 'zh-CN,zh;q=0.8',
  'cookie' => 'thinkphp_show_page_trace=1|0',
)
[ info ] [ PARAM ] array (
)
[ info ] [ RUN ] Method [ <user> public method index ] {
  @@ /var/www/vcmycloud/application/index/controller/Index.php 8 - 13
}

[ info ] [ VIEW ] /var/www/vcmycloud/template/default/index/index.html [ array (
) ]
[ info ] [ LOG ] INIT File: array (
  'path' => '/var/www/vcmycloud/application/runtime/log/',
  'level' => 
  array (
  ),
)

---------------------------------------------------------------
[ 2016-09-21T15:16:43+08:00 ] 172.17.0.2 192.168.24.195 GET /
[ log ] 192.168.1.105:9090/ [运行时间：0.005603s][吞吐率：178.48req/s] [内存消耗：237.80kb] [文件加载：31]
[ info ] [ ROUTE ] array (
  'type' => 'module',
  'module' => 
  array (
    0 => '',
    1 => NULL,
    2 => NULL,
  ),
)
[ info ] [ HEADER ] array (
  'home' => '/var/www/vcmycloud',
  'host' => '192.168.1.105:9090',
  'connection' => 'keep-alive',
  'cache-control' => 'max-age=0',
  'accept' => 'text/html,application/xhtml+xml,application/xml;q=0.9,image/webp,*/*;q=0.8',
  'upgrade-insecure-requests' => '1',
  'user-agent' => 'Mozilla/5.0 (Windows NT 10.0; WOW64) AppleWebKit/537.36 (KHTML, like Gecko) Chrome/48.0.2564.116 Safari/537.36',
  'accept-encoding' => 'gzip, deflate, sdch',
  'accept-language' => 'zh-CN,zh;q=0.8',
  'cookie' => 'thinkphp_show_page_trace=1|0',
)
[ info ] [ PARAM ] array (
)
[ info ] [ RUN ] Method [ <user> public method index ] {
  @@ /var/www/vcmycloud/application/index/controller/Index.php 8 - 13
}

[ info ] [ VIEW ] /var/www/vcmycloud/template/default/index/index.html [ array (
) ]
[ info ] [ LOG ] INIT File: array (
  'path' => '/var/www/vcmycloud/application/runtime/log/',
  'level' => 
  array (
  ),
)

---------------------------------------------------------------
[ 2016-09-21T15:16:44+08:00 ] 172.17.0.2 192.168.24.195 GET /
[ log ] 192.168.1.105:9090/ [运行时间：0.003361s][吞吐率：297.53req/s] [内存消耗：237.80kb] [文件加载：31]
[ info ] [ ROUTE ] array (
  'type' => 'module',
  'module' => 
  array (
    0 => '',
    1 => NULL,
    2 => NULL,
  ),
)
[ info ] [ HEADER ] array (
  'home' => '/var/www/vcmycloud',
  'host' => '192.168.1.105:9090',
  'connection' => 'keep-alive',
  'cache-control' => 'max-age=0',
  'accept' => 'text/html,application/xhtml+xml,application/xml;q=0.9,image/webp,*/*;q=0.8',
  'upgrade-insecure-requests' => '1',
  'user-agent' => 'Mozilla/5.0 (Windows NT 10.0; WOW64) AppleWebKit/537.36 (KHTML, like Gecko) Chrome/48.0.2564.116 Safari/537.36',
  'accept-encoding' => 'gzip, deflate, sdch',
  'accept-language' => 'zh-CN,zh;q=0.8',
  'cookie' => 'thinkphp_show_page_trace=1|0',
)
[ info ] [ PARAM ] array (
)
[ info ] [ RUN ] Method [ <user> public method index ] {
  @@ /var/www/vcmycloud/application/index/controller/Index.php 8 - 13
}

[ info ] [ VIEW ] /var/www/vcmycloud/template/default/index/index.html [ array (
) ]
[ info ] [ LOG ] INIT File: array (
  'path' => '/var/www/vcmycloud/application/runtime/log/',
  'level' => 
  array (
  ),
)

---------------------------------------------------------------
[ 2016-09-21T15:18:29+08:00 ] 172.17.0.2 192.168.24.195 GET /
[ log ] 192.168.1.105:9090/ [运行时间：0.020027s][吞吐率：49.93req/s] [内存消耗：235.85kb] [文件加载：31]
[ info ] [ ROUTE ] array (
  'type' => 'module',
  'module' => 
  array (
    0 => '',
    1 => NULL,
    2 => NULL,
  ),
)
[ info ] [ HEADER ] array (
  'home' => '/var/www/vcmycloud',
  'host' => '192.168.1.105:9090',
  'connection' => 'keep-alive',
  'cache-control' => 'max-age=0',
  'accept' => 'text/html,application/xhtml+xml,application/xml;q=0.9,image/webp,*/*;q=0.8',
  'upgrade-insecure-requests' => '1',
  'user-agent' => 'Mozilla/5.0 (Windows NT 10.0; WOW64) AppleWebKit/537.36 (KHTML, like Gecko) Chrome/48.0.2564.116 Safari/537.36',
  'accept-encoding' => 'gzip, deflate, sdch',
  'accept-language' => 'zh-CN,zh;q=0.8',
  'cookie' => 'thinkphp_show_page_trace=1|0',
)
[ info ] [ PARAM ] array (
)
[ info ] [ RUN ] Method [ <user> public method index ] {
  @@ /var/www/vcmycloud/application/index/controller/Index.php 8 - 13
}

[ info ] [ VIEW ] /var/www/vcmycloud/template/default/index/index.html [ array (
) ]
[ info ] [ LOG ] INIT File: array (
  'path' => '/var/www/vcmycloud/application/runtime/log/',
  'level' => 
  array (
  ),
)

---------------------------------------------------------------
[ 2016-09-21T15:18:30+08:00 ] 172.17.0.2 192.168.24.195 GET /
[ log ] 192.168.1.105:9090/ [运行时间：0.007987s][吞吐率：125.20req/s] [内存消耗：235.85kb] [文件加载：31]
[ info ] [ ROUTE ] array (
  'type' => 'module',
  'module' => 
  array (
    0 => '',
    1 => NULL,
    2 => NULL,
  ),
)
[ info ] [ HEADER ] array (
  'home' => '/var/www/vcmycloud',
  'host' => '192.168.1.105:9090',
  'connection' => 'keep-alive',
  'cache-control' => 'max-age=0',
  'accept' => 'text/html,application/xhtml+xml,application/xml;q=0.9,image/webp,*/*;q=0.8',
  'upgrade-insecure-requests' => '1',
  'user-agent' => 'Mozilla/5.0 (Windows NT 10.0; WOW64) AppleWebKit/537.36 (KHTML, like Gecko) Chrome/48.0.2564.116 Safari/537.36',
  'accept-encoding' => 'gzip, deflate, sdch',
  'accept-language' => 'zh-CN,zh;q=0.8',
  'cookie' => 'thinkphp_show_page_trace=1|0',
)
[ info ] [ PARAM ] array (
)
[ info ] [ RUN ] Method [ <user> public method index ] {
  @@ /var/www/vcmycloud/application/index/controller/Index.php 8 - 13
}

[ info ] [ VIEW ] /var/www/vcmycloud/template/default/index/index.html [ array (
) ]
[ info ] [ LOG ] INIT File: array (
  'path' => '/var/www/vcmycloud/application/runtime/log/',
  'level' => 
  array (
  ),
)

---------------------------------------------------------------
[ 2016-09-21T15:18:30+08:00 ] 172.17.0.2 192.168.24.195 GET /
[ log ] 192.168.1.105:9090/ [运行时间：0.009621s][吞吐率：103.94req/s] [内存消耗：235.85kb] [文件加载：31]
[ info ] [ ROUTE ] array (
  'type' => 'module',
  'module' => 
  array (
    0 => '',
    1 => NULL,
    2 => NULL,
  ),
)
[ info ] [ HEADER ] array (
  'home' => '/var/www/vcmycloud',
  'host' => '192.168.1.105:9090',
  'connection' => 'keep-alive',
  'cache-control' => 'max-age=0',
  'accept' => 'text/html,application/xhtml+xml,application/xml;q=0.9,image/webp,*/*;q=0.8',
  'upgrade-insecure-requests' => '1',
  'user-agent' => 'Mozilla/5.0 (Windows NT 10.0; WOW64) AppleWebKit/537.36 (KHTML, like Gecko) Chrome/48.0.2564.116 Safari/537.36',
  'accept-encoding' => 'gzip, deflate, sdch',
  'accept-language' => 'zh-CN,zh;q=0.8',
  'cookie' => 'thinkphp_show_page_trace=1|0',
)
[ info ] [ PARAM ] array (
)
[ info ] [ RUN ] Method [ <user> public method index ] {
  @@ /var/www/vcmycloud/application/index/controller/Index.php 8 - 13
}

[ info ] [ VIEW ] /var/www/vcmycloud/template/default/index/index.html [ array (
) ]
[ info ] [ LOG ] INIT File: array (
  'path' => '/var/www/vcmycloud/application/runtime/log/',
  'level' => 
  array (
  ),
)

---------------------------------------------------------------
[ 2016-09-21T15:18:30+08:00 ] 172.17.0.2 192.168.24.195 GET /
[ log ] 192.168.1.105:9090/ [运行时间：0.001879s][吞吐率：532.20req/s] [内存消耗：235.85kb] [文件加载：31]
[ info ] [ ROUTE ] array (
  'type' => 'module',
  'module' => 
  array (
    0 => '',
    1 => NULL,
    2 => NULL,
  ),
)
[ info ] [ HEADER ] array (
  'home' => '/var/www/vcmycloud',
  'host' => '192.168.1.105:9090',
  'connection' => 'keep-alive',
  'cache-control' => 'max-age=0',
  'accept' => 'text/html,application/xhtml+xml,application/xml;q=0.9,image/webp,*/*;q=0.8',
  'upgrade-insecure-requests' => '1',
  'user-agent' => 'Mozilla/5.0 (Windows NT 10.0; WOW64) AppleWebKit/537.36 (KHTML, like Gecko) Chrome/48.0.2564.116 Safari/537.36',
  'accept-encoding' => 'gzip, deflate, sdch',
  'accept-language' => 'zh-CN,zh;q=0.8',
  'cookie' => 'thinkphp_show_page_trace=1|0',
)
[ info ] [ PARAM ] array (
)
[ info ] [ RUN ] Method [ <user> public method index ] {
  @@ /var/www/vcmycloud/application/index/controller/Index.php 8 - 13
}

[ info ] [ VIEW ] /var/www/vcmycloud/template/default/index/index.html [ array (
) ]
[ info ] [ LOG ] INIT File: array (
  'path' => '/var/www/vcmycloud/application/runtime/log/',
  'level' => 
  array (
  ),
)

---------------------------------------------------------------
[ 2016-09-21T15:21:21+08:00 ] 172.17.0.2 192.168.24.195 GET /
[ log ] 192.168.1.105:9090/ [运行时间：0.007502s][吞吐率：133.30req/s] [内存消耗：237.24kb] [文件加载：31]
[ info ] [ ROUTE ] array (
  'type' => 'module',
  'module' => 
  array (
    0 => '',
    1 => NULL,
    2 => NULL,
  ),
)
[ info ] [ HEADER ] array (
  'home' => '/var/www/vcmycloud',
  'host' => '192.168.1.105:9090',
  'connection' => 'keep-alive',
  'cache-control' => 'max-age=0',
  'accept' => 'text/html,application/xhtml+xml,application/xml;q=0.9,image/webp,*/*;q=0.8',
  'upgrade-insecure-requests' => '1',
  'user-agent' => 'Mozilla/5.0 (Windows NT 10.0; WOW64) AppleWebKit/537.36 (KHTML, like Gecko) Chrome/48.0.2564.116 Safari/537.36',
  'accept-encoding' => 'gzip, deflate, sdch',
  'accept-language' => 'zh-CN,zh;q=0.8',
  'cookie' => 'thinkphp_show_page_trace=1|0',
)
[ info ] [ PARAM ] array (
)
[ info ] [ RUN ] Method [ <user> public method index ] {
  @@ /var/www/vcmycloud/application/index/controller/Index.php 8 - 13
}

[ info ] [ VIEW ] /var/www/vcmycloud/template/default/index/index.html [ array (
) ]
[ info ] [ LOG ] INIT File: array (
  'path' => '/var/www/vcmycloud/application/runtime/log/',
  'level' => 
  array (
  ),
)

---------------------------------------------------------------
[ 2016-09-21T15:21:23+08:00 ] 172.17.0.2 192.168.24.195 GET /
[ log ] 192.168.1.105:9090/ [运行时间：0.003763s][吞吐率：265.75req/s] [内存消耗：235.99kb] [文件加载：31]
[ info ] [ ROUTE ] array (
  'type' => 'module',
  'module' => 
  array (
    0 => '',
    1 => NULL,
    2 => NULL,
  ),
)
[ info ] [ HEADER ] array (
  'home' => '/var/www/vcmycloud',
  'host' => '192.168.1.105:9090',
  'connection' => 'keep-alive',
  'cache-control' => 'max-age=0',
  'accept' => 'text/html,application/xhtml+xml,application/xml;q=0.9,image/webp,*/*;q=0.8',
  'upgrade-insecure-requests' => '1',
  'user-agent' => 'Mozilla/5.0 (Windows NT 10.0; WOW64) AppleWebKit/537.36 (KHTML, like Gecko) Chrome/48.0.2564.116 Safari/537.36',
  'accept-encoding' => 'gzip, deflate, sdch',
  'accept-language' => 'zh-CN,zh;q=0.8',
  'cookie' => 'thinkphp_show_page_trace=1|0',
)
[ info ] [ PARAM ] array (
)
[ info ] [ RUN ] Method [ <user> public method index ] {
  @@ /var/www/vcmycloud/application/index/controller/Index.php 8 - 13
}

[ info ] [ VIEW ] /var/www/vcmycloud/template/default/index/index.html [ array (
) ]
[ info ] [ LOG ] INIT File: array (
  'path' => '/var/www/vcmycloud/application/runtime/log/',
  'level' => 
  array (
  ),
)

---------------------------------------------------------------
[ 2016-09-21T15:21:23+08:00 ] 172.17.0.2 192.168.24.195 GET /
[ log ] 192.168.1.105:9090/ [运行时间：0.002172s][吞吐率：460.41req/s] [内存消耗：235.99kb] [文件加载：31]
[ info ] [ ROUTE ] array (
  'type' => 'module',
  'module' => 
  array (
    0 => '',
    1 => NULL,
    2 => NULL,
  ),
)
[ info ] [ HEADER ] array (
  'home' => '/var/www/vcmycloud',
  'host' => '192.168.1.105:9090',
  'connection' => 'keep-alive',
  'cache-control' => 'max-age=0',
  'accept' => 'text/html,application/xhtml+xml,application/xml;q=0.9,image/webp,*/*;q=0.8',
  'upgrade-insecure-requests' => '1',
  'user-agent' => 'Mozilla/5.0 (Windows NT 10.0; WOW64) AppleWebKit/537.36 (KHTML, like Gecko) Chrome/48.0.2564.116 Safari/537.36',
  'accept-encoding' => 'gzip, deflate, sdch',
  'accept-language' => 'zh-CN,zh;q=0.8',
  'cookie' => 'thinkphp_show_page_trace=1|0',
)
[ info ] [ PARAM ] array (
)
[ info ] [ RUN ] Method [ <user> public method index ] {
  @@ /var/www/vcmycloud/application/index/controller/Index.php 8 - 13
}

[ info ] [ VIEW ] /var/www/vcmycloud/template/default/index/index.html [ array (
) ]
[ info ] [ LOG ] INIT File: array (
  'path' => '/var/www/vcmycloud/application/runtime/log/',
  'level' => 
  array (
  ),
)

---------------------------------------------------------------
[ 2016-09-21T15:21:23+08:00 ] 172.17.0.2 192.168.24.195 GET /
[ log ] 192.168.1.105:9090/ [运行时间：0.002759s][吞吐率：362.45req/s] [内存消耗：235.99kb] [文件加载：31]
[ info ] [ ROUTE ] array (
  'type' => 'module',
  'module' => 
  array (
    0 => '',
    1 => NULL,
    2 => NULL,
  ),
)
[ info ] [ HEADER ] array (
  'home' => '/var/www/vcmycloud',
  'host' => '192.168.1.105:9090',
  'connection' => 'keep-alive',
  'cache-control' => 'max-age=0',
  'accept' => 'text/html,application/xhtml+xml,application/xml;q=0.9,image/webp,*/*;q=0.8',
  'upgrade-insecure-requests' => '1',
  'user-agent' => 'Mozilla/5.0 (Windows NT 10.0; WOW64) AppleWebKit/537.36 (KHTML, like Gecko) Chrome/48.0.2564.116 Safari/537.36',
  'accept-encoding' => 'gzip, deflate, sdch',
  'accept-language' => 'zh-CN,zh;q=0.8',
  'cookie' => 'thinkphp_show_page_trace=1|0',
)
[ info ] [ PARAM ] array (
)
[ info ] [ RUN ] Method [ <user> public method index ] {
  @@ /var/www/vcmycloud/application/index/controller/Index.php 8 - 13
}

[ info ] [ VIEW ] /var/www/vcmycloud/template/default/index/index.html [ array (
) ]
[ info ] [ LOG ] INIT File: array (
  'path' => '/var/www/vcmycloud/application/runtime/log/',
  'level' => 
  array (
  ),
)

---------------------------------------------------------------
[ 2016-09-21T08:12:51+00:00 ] 172.17.0.2 192.168.24.195 GET /
[ log ] 192.168.1.105:9090/ [运行时间：0.034400s][吞吐率：29.07req/s] [内存消耗：167.26kb] [文件加载：22]
[ info ] [ LANG ] /var/www/vcmycloud/thinkphp/lang/zh-cn.php
[ info ] [ LANG ] /var/www/vcmycloud/thinkphp/lang/zh-cn.php
[ info ] [ LOG ] INIT File: array (
  'path' => '/var/www/vcmycloud/application/runtime/log/',
  'level' => 
  array (
  ),
)
[ error ] [8]Use of undefined constant __PUBLIC__ - assumed '__PUBLIC__'[/var/www/vcmycloud/application/config.php:235]

---------------------------------------------------------------
[ 2016-09-21T16:14:06+08:00 ] 172.17.0.2 192.168.24.195 GET /
[ log ] 192.168.1.105:9090/ [运行时间：0.016579s][吞吐率：60.32req/s] [内存消耗：280.91kb] [文件加载：33]
[ info ] [ ROUTE ] array (
  'type' => 'module',
  'module' => 
  array (
    0 => '',
    1 => NULL,
    2 => NULL,
  ),
)
[ info ] [ HEADER ] array (
  'home' => '/var/www/vcmycloud',
  'host' => '192.168.1.105:9090',
  'connection' => 'keep-alive',
  'cache-control' => 'max-age=0',
  'accept' => 'text/html,application/xhtml+xml,application/xml;q=0.9,image/webp,*/*;q=0.8',
  'upgrade-insecure-requests' => '1',
  'user-agent' => 'Mozilla/5.0 (Windows NT 10.0; WOW64) AppleWebKit/537.36 (KHTML, like Gecko) Chrome/48.0.2564.116 Safari/537.36',
  'accept-encoding' => 'gzip, deflate, sdch',
  'accept-language' => 'zh-CN,zh;q=0.8',
  'cookie' => 'thinkphp_show_page_trace=1|0; think_var=zh-cn',
)
[ info ] [ PARAM ] array (
)
[ info ] [ RUN ] Method [ <user> public method index ] {
  @@ /var/www/vcmycloud/application/index/controller/Index.php 8 - 13
}

[ info ] [ VIEW ] /var/www/vcmycloud/template/default/index/index.html [ array (
) ]
[ info ] [ LOG ] INIT File: array (
  'path' => '/var/www/vcmycloud/application/runtime/log/',
  'level' => 
  array (
  ),
)

---------------------------------------------------------------
[ 2016-09-21T16:15:22+08:00 ] 172.17.0.2 192.168.24.195 GET /
[ log ] 192.168.1.105:9090/ [运行时间：0.006268s][吞吐率：159.55req/s] [内存消耗：238.66kb] [文件加载：31]
[ info ] [ ROUTE ] array (
  'type' => 'module',
  'module' => 
  array (
    0 => '',
    1 => NULL,
    2 => NULL,
  ),
)
[ info ] [ HEADER ] array (
  'home' => '/var/www/vcmycloud',
  'host' => '192.168.1.105:9090',
  'connection' => 'keep-alive',
  'cache-control' => 'max-age=0',
  'accept' => 'text/html,application/xhtml+xml,application/xml;q=0.9,image/webp,*/*;q=0.8',
  'upgrade-insecure-requests' => '1',
  'user-agent' => 'Mozilla/5.0 (Windows NT 10.0; WOW64) AppleWebKit/537.36 (KHTML, like Gecko) Chrome/48.0.2564.116 Safari/537.36',
  'accept-encoding' => 'gzip, deflate, sdch',
  'accept-language' => 'zh-CN,zh;q=0.8',
  'cookie' => 'thinkphp_show_page_trace=1|0; think_var=zh-cn',
)
[ info ] [ PARAM ] array (
)
[ info ] [ RUN ] Method [ <user> public method index ] {
  @@ /var/www/vcmycloud/application/index/controller/Index.php 8 - 13
}

[ info ] [ VIEW ] /var/www/vcmycloud/template/default/index/index.html [ array (
) ]
[ info ] [ LOG ] INIT File: array (
  'path' => '/var/www/vcmycloud/application/runtime/log/',
  'level' => 
  array (
  ),
)

---------------------------------------------------------------
[ 2016-09-21T16:15:26+08:00 ] 172.17.0.2 192.168.24.195 GET /
[ log ] 192.168.1.105:9090/ [运行时间：0.044849s][吞吐率：22.30req/s] [内存消耗：236.46kb] [文件加载：31]
[ info ] [ ROUTE ] array (
  'type' => 'module',
  'module' => 
  array (
    0 => '',
    1 => NULL,
    2 => NULL,
  ),
)
[ info ] [ HEADER ] array (
  'home' => '/var/www/vcmycloud',
  'host' => '192.168.1.105:9090',
  'connection' => 'keep-alive',
  'cache-control' => 'max-age=0',
  'accept' => 'text/html,application/xhtml+xml,application/xml;q=0.9,image/webp,*/*;q=0.8',
  'upgrade-insecure-requests' => '1',
  'user-agent' => 'Mozilla/5.0 (Windows NT 10.0; WOW64) AppleWebKit/537.36 (KHTML, like Gecko) Chrome/48.0.2564.116 Safari/537.36',
  'accept-encoding' => 'gzip, deflate, sdch',
  'accept-language' => 'zh-CN,zh;q=0.8',
  'cookie' => 'thinkphp_show_page_trace=1|0; think_var=zh-cn',
)
[ info ] [ PARAM ] array (
)
[ info ] [ RUN ] Method [ <user> public method index ] {
  @@ /var/www/vcmycloud/application/index/controller/Index.php 8 - 13
}

[ info ] [ VIEW ] /var/www/vcmycloud/template/default/index/index.html [ array (
) ]
[ info ] [ LOG ] INIT File: array (
  'path' => '/var/www/vcmycloud/application/runtime/log/',
  'level' => 
  array (
  ),
)

---------------------------------------------------------------
[ 2016-09-21T08:20:15+00:00 ] 172.17.0.2 192.168.24.195 GET /
[ log ] 192.168.1.105:9090/ [运行时间：0.028823s][吞吐率：34.69req/s] [内存消耗：151.34kb] [文件加载：22]
[ info ] [ LANG ] /var/www/vcmycloud/thinkphp/lang/zh-cn.php
[ info ] [ LANG ] /var/www/vcmycloud/thinkphp/lang/zh-cn.php
[ info ] [ LOG ] INIT File: array (
  'path' => '/var/www/vcmycloud/application/runtime/log/',
  'level' => 
  array (
  ),
)
[ error ] [8]Use of undefined constant IS_CGI - assumed 'IS_CGI'[/var/www/vcmycloud/application/config.php:14]

---------------------------------------------------------------
[ 2016-09-21T16:22:37+08:00 ] 172.17.0.2 192.168.24.195 GET /
[ log ] 192.168.1.105:9090/ [运行时间：0.014092s][吞吐率：70.96req/s] [内存消耗：278.99kb] [文件加载：33]
[ info ] [ ROUTE ] array (
  'type' => 'module',
  'module' => 
  array (
    0 => '',
    1 => NULL,
    2 => NULL,
  ),
)
[ info ] [ HEADER ] array (
  'home' => '/var/www/vcmycloud',
  'host' => '192.168.1.105:9090',
  'connection' => 'keep-alive',
  'cache-control' => 'max-age=0',
  'accept' => 'text/html,application/xhtml+xml,application/xml;q=0.9,image/webp,*/*;q=0.8',
  'upgrade-insecure-requests' => '1',
  'user-agent' => 'Mozilla/5.0 (Windows NT 10.0; WOW64) AppleWebKit/537.36 (KHTML, like Gecko) Chrome/48.0.2564.116 Safari/537.36',
  'accept-encoding' => 'gzip, deflate, sdch',
  'accept-language' => 'zh-CN,zh;q=0.8',
  'cookie' => 'thinkphp_show_page_trace=1|0; think_var=zh-cn',
)
[ info ] [ PARAM ] array (
)
[ info ] [ RUN ] Method [ <user> public method index ] {
  @@ /var/www/vcmycloud/application/index/controller/Index.php 8 - 13
}

[ info ] [ VIEW ] /var/www/vcmycloud/template/default/index/index.html [ array (
) ]
[ info ] [ LOG ] INIT File: array (
  'path' => '/var/www/vcmycloud/application/runtime/log/',
  'level' => 
  array (
  ),
)

---------------------------------------------------------------
[ 2016-09-21T16:22:57+08:00 ] 172.17.0.2 192.168.24.195 GET /
[ log ] 192.168.1.105:9090/ [运行时间：0.018387s][吞吐率：54.39req/s] [内存消耗：280.70kb] [文件加载：33]
[ info ] [ ROUTE ] array (
  'type' => 'module',
  'module' => 
  array (
    0 => '',
    1 => NULL,
    2 => NULL,
  ),
)
[ info ] [ HEADER ] array (
  'home' => '/var/www/vcmycloud',
  'host' => '192.168.1.105:9090',
  'connection' => 'keep-alive',
  'cache-control' => 'max-age=0',
  'accept' => 'text/html,application/xhtml+xml,application/xml;q=0.9,image/webp,*/*;q=0.8',
  'upgrade-insecure-requests' => '1',
  'user-agent' => 'Mozilla/5.0 (Windows NT 10.0; WOW64) AppleWebKit/537.36 (KHTML, like Gecko) Chrome/48.0.2564.116 Safari/537.36',
  'accept-encoding' => 'gzip, deflate, sdch',
  'accept-language' => 'zh-CN,zh;q=0.8',
  'cookie' => 'thinkphp_show_page_trace=1|0; think_var=zh-cn',
)
[ info ] [ PARAM ] array (
)
[ info ] [ RUN ] Method [ <user> public method index ] {
  @@ /var/www/vcmycloud/application/index/controller/Index.php 8 - 13
}

[ info ] [ VIEW ] /var/www/vcmycloud/template/default/index/index.html [ array (
) ]
[ info ] [ LOG ] INIT File: array (
  'path' => '/var/www/vcmycloud/application/runtime/log/',
  'level' => 
  array (
  ),
)

---------------------------------------------------------------
[ 2016-09-21T16:22:58+08:00 ] 172.17.0.2 192.168.24.195 GET /
[ log ] 192.168.1.105:9090/ [运行时间：0.038353s][吞吐率：26.07req/s] [内存消耗：238.49kb] [文件加载：31]
[ info ] [ ROUTE ] array (
  'type' => 'module',
  'module' => 
  array (
    0 => '',
    1 => NULL,
    2 => NULL,
  ),
)
[ info ] [ HEADER ] array (
  'home' => '/var/www/vcmycloud',
  'host' => '192.168.1.105:9090',
  'connection' => 'keep-alive',
  'cache-control' => 'max-age=0',
  'accept' => 'text/html,application/xhtml+xml,application/xml;q=0.9,image/webp,*/*;q=0.8',
  'upgrade-insecure-requests' => '1',
  'user-agent' => 'Mozilla/5.0 (Windows NT 10.0; WOW64) AppleWebKit/537.36 (KHTML, like Gecko) Chrome/48.0.2564.116 Safari/537.36',
  'accept-encoding' => 'gzip, deflate, sdch',
  'accept-language' => 'zh-CN,zh;q=0.8',
  'cookie' => 'thinkphp_show_page_trace=1|0; think_var=zh-cn',
)
[ info ] [ PARAM ] array (
)
[ info ] [ RUN ] Method [ <user> public method index ] {
  @@ /var/www/vcmycloud/application/index/controller/Index.php 8 - 13
}

[ info ] [ VIEW ] /var/www/vcmycloud/template/default/index/index.html [ array (
) ]
[ info ] [ LOG ] INIT File: array (
  'path' => '/var/www/vcmycloud/application/runtime/log/',
  'level' => 
  array (
  ),
)

---------------------------------------------------------------
[ 2016-09-21T16:23:32+08:00 ] 172.17.0.2 192.168.24.195 GET /
[ log ] 192.168.1.105:9090/ [运行时间：0.015467s][吞吐率：64.65req/s] [内存消耗：281.25kb] [文件加载：33]
[ info ] [ ROUTE ] array (
  'type' => 'module',
  'module' => 
  array (
    0 => '',
    1 => NULL,
    2 => NULL,
  ),
)
[ info ] [ HEADER ] array (
  'home' => '/var/www/vcmycloud',
  'host' => '192.168.1.105:9090',
  'connection' => 'keep-alive',
  'cache-control' => 'max-age=0',
  'accept' => 'text/html,application/xhtml+xml,application/xml;q=0.9,image/webp,*/*;q=0.8',
  'upgrade-insecure-requests' => '1',
  'user-agent' => 'Mozilla/5.0 (Windows NT 10.0; WOW64) AppleWebKit/537.36 (KHTML, like Gecko) Chrome/48.0.2564.116 Safari/537.36',
  'accept-encoding' => 'gzip, deflate, sdch',
  'accept-language' => 'zh-CN,zh;q=0.8',
  'cookie' => 'thinkphp_show_page_trace=1|0; think_var=zh-cn',
)
[ info ] [ PARAM ] array (
)
[ info ] [ RUN ] Method [ <user> public method index ] {
  @@ /var/www/vcmycloud/application/index/controller/Index.php 8 - 13
}

[ info ] [ VIEW ] /var/www/vcmycloud/template/default/index/index.html [ array (
) ]
[ info ] [ LOG ] INIT File: array (
  'path' => '/var/www/vcmycloud/application/runtime/log/',
  'level' => 
  array (
  ),
)

---------------------------------------------------------------
[ 2016-09-21T16:23:33+08:00 ] 172.17.0.2 192.168.24.195 GET /
[ log ] 192.168.1.105:9090/ [运行时间：0.013569s][吞吐率：73.70req/s] [内存消耗：238.47kb] [文件加载：31]
[ info ] [ ROUTE ] array (
  'type' => 'module',
  'module' => 
  array (
    0 => '',
    1 => NULL,
    2 => NULL,
  ),
)
[ info ] [ HEADER ] array (
  'home' => '/var/www/vcmycloud',
  'host' => '192.168.1.105:9090',
  'connection' => 'keep-alive',
  'cache-control' => 'max-age=0',
  'accept' => 'text/html,application/xhtml+xml,application/xml;q=0.9,image/webp,*/*;q=0.8',
  'upgrade-insecure-requests' => '1',
  'user-agent' => 'Mozilla/5.0 (Windows NT 10.0; WOW64) AppleWebKit/537.36 (KHTML, like Gecko) Chrome/48.0.2564.116 Safari/537.36',
  'accept-encoding' => 'gzip, deflate, sdch',
  'accept-language' => 'zh-CN,zh;q=0.8',
  'cookie' => 'thinkphp_show_page_trace=1|0; think_var=zh-cn',
)
[ info ] [ PARAM ] array (
)
[ info ] [ RUN ] Method [ <user> public method index ] {
  @@ /var/www/vcmycloud/application/index/controller/Index.php 8 - 13
}

[ info ] [ VIEW ] /var/www/vcmycloud/template/default/index/index.html [ array (
) ]
[ info ] [ LOG ] INIT File: array (
  'path' => '/var/www/vcmycloud/application/runtime/log/',
  'level' => 
  array (
  ),
)

---------------------------------------------------------------
[ 2016-09-21T16:24:04+08:00 ] 172.17.0.2 192.168.24.195 GET /
[ log ] 192.168.1.105:9090/ [运行时间：0.019539s][吞吐率：51.18req/s] [内存消耗：280.90kb] [文件加载：33]
[ info ] [ ROUTE ] array (
  'type' => 'module',
  'module' => 
  array (
    0 => '',
    1 => NULL,
    2 => NULL,
  ),
)
[ info ] [ HEADER ] array (
  'home' => '/var/www/vcmycloud',
  'host' => '192.168.1.105:9090',
  'connection' => 'keep-alive',
  'cache-control' => 'max-age=0',
  'accept' => 'text/html,application/xhtml+xml,application/xml;q=0.9,image/webp,*/*;q=0.8',
  'upgrade-insecure-requests' => '1',
  'user-agent' => 'Mozilla/5.0 (Windows NT 10.0; WOW64) AppleWebKit/537.36 (KHTML, like Gecko) Chrome/48.0.2564.116 Safari/537.36',
  'accept-encoding' => 'gzip, deflate, sdch',
  'accept-language' => 'zh-CN,zh;q=0.8',
  'cookie' => 'thinkphp_show_page_trace=1|0; think_var=zh-cn',
)
[ info ] [ PARAM ] array (
)
[ info ] [ RUN ] Method [ <user> public method index ] {
  @@ /var/www/vcmycloud/application/index/controller/Index.php 8 - 13
}

[ info ] [ VIEW ] /var/www/vcmycloud/template/default/index/index.html [ array (
) ]
[ info ] [ LOG ] INIT File: array (
  'path' => '/var/www/vcmycloud/application/runtime/log/',
  'level' => 
  array (
  ),
)

---------------------------------------------------------------
[ 2016-09-21T16:26:52+08:00 ] 172.17.0.2 192.168.24.195 GET /
[ log ] 192.168.1.105:9090/ [运行时间：0.049528s][吞吐率：20.19req/s] [内存消耗：280.64kb] [文件加载：33]
[ info ] [ ROUTE ] array (
  'type' => 'module',
  'module' => 
  array (
    0 => '',
    1 => NULL,
    2 => NULL,
  ),
)
[ info ] [ HEADER ] array (
  'home' => '/var/www/vcmycloud',
  'host' => '192.168.1.105:9090',
  'connection' => 'keep-alive',
  'cache-control' => 'max-age=0',
  'accept' => 'text/html,application/xhtml+xml,application/xml;q=0.9,image/webp,*/*;q=0.8',
  'upgrade-insecure-requests' => '1',
  'user-agent' => 'Mozilla/5.0 (Windows NT 10.0; WOW64) AppleWebKit/537.36 (KHTML, like Gecko) Chrome/48.0.2564.116 Safari/537.36',
  'accept-encoding' => 'gzip, deflate, sdch',
  'accept-language' => 'zh-CN,zh;q=0.8',
  'cookie' => 'thinkphp_show_page_trace=1|0; think_var=zh-cn',
)
[ info ] [ PARAM ] array (
)
[ info ] [ RUN ] Method [ <user> public method index ] {
  @@ /var/www/vcmycloud/application/index/controller/Index.php 8 - 13
}

[ info ] [ VIEW ] /var/www/vcmycloud/template/default/index/index.html [ array (
) ]
[ info ] [ LOG ] INIT File: array (
  'path' => '/var/www/vcmycloud/application/runtime/log/',
  'level' => 
  array (
  ),
)

---------------------------------------------------------------
[ 2016-09-21T16:28:02+08:00 ] 172.17.0.2 192.168.24.195 GET /
[ log ] 192.168.1.105:9090/ [运行时间：0.004930s][吞吐率：202.84req/s] [内存消耗：238.66kb] [文件加载：31]
[ info ] [ ROUTE ] array (
  'type' => 'module',
  'module' => 
  array (
    0 => '',
    1 => NULL,
    2 => NULL,
  ),
)
[ info ] [ HEADER ] array (
  'home' => '/var/www/vcmycloud',
  'host' => '192.168.1.105:9090',
  'connection' => 'keep-alive',
  'cache-control' => 'max-age=0',
  'accept' => 'text/html,application/xhtml+xml,application/xml;q=0.9,image/webp,*/*;q=0.8',
  'upgrade-insecure-requests' => '1',
  'user-agent' => 'Mozilla/5.0 (Windows NT 10.0; WOW64) AppleWebKit/537.36 (KHTML, like Gecko) Chrome/48.0.2564.116 Safari/537.36',
  'accept-encoding' => 'gzip, deflate, sdch',
  'accept-language' => 'zh-CN,zh;q=0.8',
  'cookie' => 'thinkphp_show_page_trace=1|0; think_var=zh-cn',
)
[ info ] [ PARAM ] array (
)
[ info ] [ RUN ] Method [ <user> public method index ] {
  @@ /var/www/vcmycloud/application/index/controller/Index.php 8 - 13
}

[ info ] [ VIEW ] /var/www/vcmycloud/template/default/index/index.html [ array (
) ]
[ info ] [ LOG ] INIT File: array (
  'path' => '/var/www/vcmycloud/application/runtime/log/',
  'level' => 
  array (
  ),
)

---------------------------------------------------------------
[ 2016-09-21T16:28:03+08:00 ] 172.17.0.2 192.168.24.195 GET /
[ log ] 192.168.1.105:9090/ [运行时间：0.003968s][吞吐率：252.02req/s] [内存消耗：236.41kb] [文件加载：31]
[ info ] [ ROUTE ] array (
  'type' => 'module',
  'module' => 
  array (
    0 => '',
    1 => NULL,
    2 => NULL,
  ),
)
[ info ] [ HEADER ] array (
  'home' => '/var/www/vcmycloud',
  'host' => '192.168.1.105:9090',
  'connection' => 'keep-alive',
  'cache-control' => 'max-age=0',
  'accept' => 'text/html,application/xhtml+xml,application/xml;q=0.9,image/webp,*/*;q=0.8',
  'upgrade-insecure-requests' => '1',
  'user-agent' => 'Mozilla/5.0 (Windows NT 10.0; WOW64) AppleWebKit/537.36 (KHTML, like Gecko) Chrome/48.0.2564.116 Safari/537.36',
  'accept-encoding' => 'gzip, deflate, sdch',
  'accept-language' => 'zh-CN,zh;q=0.8',
  'cookie' => 'thinkphp_show_page_trace=1|0; think_var=zh-cn',
)
[ info ] [ PARAM ] array (
)
[ info ] [ RUN ] Method [ <user> public method index ] {
  @@ /var/www/vcmycloud/application/index/controller/Index.php 8 - 13
}

[ info ] [ VIEW ] /var/www/vcmycloud/template/default/index/index.html [ array (
) ]
[ info ] [ LOG ] INIT File: array (
  'path' => '/var/www/vcmycloud/application/runtime/log/',
  'level' => 
  array (
  ),
)

---------------------------------------------------------------
[ 2016-09-21T16:28:03+08:00 ] 172.17.0.2 192.168.24.195 GET /
[ log ] 192.168.1.105:9090/ [运行时间：0.002034s][吞吐率：491.60req/s] [内存消耗：236.41kb] [文件加载：31]
[ info ] [ ROUTE ] array (
  'type' => 'module',
  'module' => 
  array (
    0 => '',
    1 => NULL,
    2 => NULL,
  ),
)
[ info ] [ HEADER ] array (
  'home' => '/var/www/vcmycloud',
  'host' => '192.168.1.105:9090',
  'connection' => 'keep-alive',
  'cache-control' => 'max-age=0',
  'accept' => 'text/html,application/xhtml+xml,application/xml;q=0.9,image/webp,*/*;q=0.8',
  'upgrade-insecure-requests' => '1',
  'user-agent' => 'Mozilla/5.0 (Windows NT 10.0; WOW64) AppleWebKit/537.36 (KHTML, like Gecko) Chrome/48.0.2564.116 Safari/537.36',
  'accept-encoding' => 'gzip, deflate, sdch',
  'accept-language' => 'zh-CN,zh;q=0.8',
  'cookie' => 'thinkphp_show_page_trace=1|0; think_var=zh-cn',
)
[ info ] [ PARAM ] array (
)
[ info ] [ RUN ] Method [ <user> public method index ] {
  @@ /var/www/vcmycloud/application/index/controller/Index.php 8 - 13
}

[ info ] [ VIEW ] /var/www/vcmycloud/template/default/index/index.html [ array (
) ]
[ info ] [ LOG ] INIT File: array (
  'path' => '/var/www/vcmycloud/application/runtime/log/',
  'level' => 
  array (
  ),
)

---------------------------------------------------------------
[ 2016-09-21T16:28:23+08:00 ] 172.17.0.2 192.168.24.195 GET /
[ log ] 192.168.1.105:9090/ [运行时间：0.004531s][吞吐率：220.71req/s] [内存消耗：236.41kb] [文件加载：31]
[ info ] [ ROUTE ] array (
  'type' => 'module',
  'module' => 
  array (
    0 => '',
    1 => NULL,
    2 => NULL,
  ),
)
[ info ] [ HEADER ] array (
  'home' => '/var/www/vcmycloud',
  'host' => '192.168.1.105:9090',
  'connection' => 'keep-alive',
  'cache-control' => 'max-age=0',
  'accept' => 'text/html,application/xhtml+xml,application/xml;q=0.9,image/webp,*/*;q=0.8',
  'upgrade-insecure-requests' => '1',
  'user-agent' => 'Mozilla/5.0 (Windows NT 10.0; WOW64) AppleWebKit/537.36 (KHTML, like Gecko) Chrome/48.0.2564.116 Safari/537.36',
  'accept-encoding' => 'gzip, deflate, sdch',
  'accept-language' => 'zh-CN,zh;q=0.8',
  'cookie' => 'thinkphp_show_page_trace=1|0; think_var=zh-cn',
)
[ info ] [ PARAM ] array (
)
[ info ] [ RUN ] Method [ <user> public method index ] {
  @@ /var/www/vcmycloud/application/index/controller/Index.php 8 - 13
}

[ info ] [ VIEW ] /var/www/vcmycloud/template/default/index/index.html [ array (
) ]
[ info ] [ LOG ] INIT File: array (
  'path' => '/var/www/vcmycloud/application/runtime/log/',
  'level' => 
  array (
  ),
)

---------------------------------------------------------------
[ 2016-09-21T16:28:30+08:00 ] 172.17.0.2 192.168.24.195 GET /
[ log ] 192.168.1.105:9090/ [运行时间：0.005755s][吞吐率：173.76req/s] [内存消耗：238.29kb] [文件加载：31]
[ info ] [ ROUTE ] array (
  'type' => 'module',
  'module' => 
  array (
    0 => '',
    1 => NULL,
    2 => NULL,
  ),
)
[ info ] [ HEADER ] array (
  'home' => '/var/www/vcmycloud',
  'host' => '192.168.1.105:9090',
  'connection' => 'keep-alive',
  'cache-control' => 'max-age=0',
  'accept' => 'text/html,application/xhtml+xml,application/xml;q=0.9,image/webp,*/*;q=0.8',
  'upgrade-insecure-requests' => '1',
  'user-agent' => 'Mozilla/5.0 (Windows NT 10.0; WOW64) AppleWebKit/537.36 (KHTML, like Gecko) Chrome/48.0.2564.116 Safari/537.36',
  'accept-encoding' => 'gzip, deflate, sdch',
  'accept-language' => 'zh-CN,zh;q=0.8',
  'cookie' => 'thinkphp_show_page_trace=1|0; think_var=zh-cn',
)
[ info ] [ PARAM ] array (
)
[ info ] [ RUN ] Method [ <user> public method index ] {
  @@ /var/www/vcmycloud/application/index/controller/Index.php 8 - 13
}

[ info ] [ VIEW ] /var/www/vcmycloud/template/default/index/index.html [ array (
) ]
[ info ] [ LOG ] INIT File: array (
  'path' => '/var/www/vcmycloud/application/runtime/log/',
  'level' => 
  array (
  ),
)

---------------------------------------------------------------
[ 2016-09-21T16:28:31+08:00 ] 172.17.0.2 192.168.24.195 GET /
[ log ] 192.168.1.105:9090/ [运行时间：0.010061s][吞吐率：99.39req/s] [内存消耗：236.41kb] [文件加载：31]
[ info ] [ ROUTE ] array (
  'type' => 'module',
  'module' => 
  array (
    0 => '',
    1 => NULL,
    2 => NULL,
  ),
)
[ info ] [ HEADER ] array (
  'home' => '/var/www/vcmycloud',
  'host' => '192.168.1.105:9090',
  'connection' => 'keep-alive',
  'cache-control' => 'max-age=0',
  'accept' => 'text/html,application/xhtml+xml,application/xml;q=0.9,image/webp,*/*;q=0.8',
  'upgrade-insecure-requests' => '1',
  'user-agent' => 'Mozilla/5.0 (Windows NT 10.0; WOW64) AppleWebKit/537.36 (KHTML, like Gecko) Chrome/48.0.2564.116 Safari/537.36',
  'accept-encoding' => 'gzip, deflate, sdch',
  'accept-language' => 'zh-CN,zh;q=0.8',
  'cookie' => 'thinkphp_show_page_trace=1|0; think_var=zh-cn',
)
[ info ] [ PARAM ] array (
)
[ info ] [ RUN ] Method [ <user> public method index ] {
  @@ /var/www/vcmycloud/application/index/controller/Index.php 8 - 13
}

[ info ] [ VIEW ] /var/www/vcmycloud/template/default/index/index.html [ array (
) ]
[ info ] [ LOG ] INIT File: array (
  'path' => '/var/www/vcmycloud/application/runtime/log/',
  'level' => 
  array (
  ),
)

---------------------------------------------------------------
[ 2016-09-21T16:28:33+08:00 ] 172.17.0.2 192.168.24.195 GET /
[ log ] 192.168.1.105:9090/ [运行时间：0.012516s][吞吐率：79.90req/s] [内存消耗：236.41kb] [文件加载：31]
[ info ] [ ROUTE ] array (
  'type' => 'module',
  'module' => 
  array (
    0 => '',
    1 => NULL,
    2 => NULL,
  ),
)
[ info ] [ HEADER ] array (
  'home' => '/var/www/vcmycloud',
  'host' => '192.168.1.105:9090',
  'connection' => 'keep-alive',
  'cache-control' => 'max-age=0',
  'accept' => 'text/html,application/xhtml+xml,application/xml;q=0.9,image/webp,*/*;q=0.8',
  'upgrade-insecure-requests' => '1',
  'user-agent' => 'Mozilla/5.0 (Windows NT 10.0; WOW64) AppleWebKit/537.36 (KHTML, like Gecko) Chrome/48.0.2564.116 Safari/537.36',
  'accept-encoding' => 'gzip, deflate, sdch',
  'accept-language' => 'zh-CN,zh;q=0.8',
  'cookie' => 'thinkphp_show_page_trace=1|0; think_var=zh-cn',
)
[ info ] [ PARAM ] array (
)
[ info ] [ RUN ] Method [ <user> public method index ] {
  @@ /var/www/vcmycloud/application/index/controller/Index.php 8 - 13
}

[ info ] [ VIEW ] /var/www/vcmycloud/template/default/index/index.html [ array (
) ]
[ info ] [ LOG ] INIT File: array (
  'path' => '/var/www/vcmycloud/application/runtime/log/',
  'level' => 
  array (
  ),
)

---------------------------------------------------------------
[ 2016-09-21T16:28:34+08:00 ] 172.17.0.2 192.168.24.195 GET /
[ log ] 192.168.1.105:9090/ [运行时间：0.004524s][吞吐率：221.04req/s] [内存消耗：236.41kb] [文件加载：31]
[ info ] [ ROUTE ] array (
  'type' => 'module',
  'module' => 
  array (
    0 => '',
    1 => NULL,
    2 => NULL,
  ),
)
[ info ] [ HEADER ] array (
  'home' => '/var/www/vcmycloud',
  'host' => '192.168.1.105:9090',
  'connection' => 'keep-alive',
  'cache-control' => 'max-age=0',
  'accept' => 'text/html,application/xhtml+xml,application/xml;q=0.9,image/webp,*/*;q=0.8',
  'upgrade-insecure-requests' => '1',
  'user-agent' => 'Mozilla/5.0 (Windows NT 10.0; WOW64) AppleWebKit/537.36 (KHTML, like Gecko) Chrome/48.0.2564.116 Safari/537.36',
  'accept-encoding' => 'gzip, deflate, sdch',
  'accept-language' => 'zh-CN,zh;q=0.8',
  'cookie' => 'thinkphp_show_page_trace=1|0; think_var=zh-cn',
)
[ info ] [ PARAM ] array (
)
[ info ] [ RUN ] Method [ <user> public method index ] {
  @@ /var/www/vcmycloud/application/index/controller/Index.php 8 - 13
}

[ info ] [ VIEW ] /var/www/vcmycloud/template/default/index/index.html [ array (
) ]
[ info ] [ LOG ] INIT File: array (
  'path' => '/var/www/vcmycloud/application/runtime/log/',
  'level' => 
  array (
  ),
)

---------------------------------------------------------------
[ 2016-09-21T16:28:52+08:00 ] 172.17.0.2 192.168.24.195 GET /
[ log ] 192.168.1.105:9090/ [运行时间：0.011370s][吞吐率：87.95req/s] [内存消耗：238.30kb] [文件加载：31]
[ info ] [ ROUTE ] array (
  'type' => 'module',
  'module' => 
  array (
    0 => '',
    1 => NULL,
    2 => NULL,
  ),
)
[ info ] [ HEADER ] array (
  'home' => '/var/www/vcmycloud',
  'host' => '192.168.1.105:9090',
  'connection' => 'keep-alive',
  'cache-control' => 'max-age=0',
  'accept' => 'text/html,application/xhtml+xml,application/xml;q=0.9,image/webp,*/*;q=0.8',
  'upgrade-insecure-requests' => '1',
  'user-agent' => 'Mozilla/5.0 (Windows NT 10.0; WOW64) AppleWebKit/537.36 (KHTML, like Gecko) Chrome/48.0.2564.116 Safari/537.36',
  'accept-encoding' => 'gzip, deflate, sdch',
  'accept-language' => 'zh-CN,zh;q=0.8',
  'cookie' => 'thinkphp_show_page_trace=1|0; think_var=zh-cn',
)
[ info ] [ PARAM ] array (
)
[ info ] [ RUN ] Method [ <user> public method index ] {
  @@ /var/www/vcmycloud/application/index/controller/Index.php 8 - 13
}

[ info ] [ VIEW ] /var/www/vcmycloud/template/default/index/index.html [ array (
) ]
[ info ] [ LOG ] INIT File: array (
  'path' => '/var/www/vcmycloud/application/runtime/log/',
  'level' => 
  array (
  ),
)

---------------------------------------------------------------
[ 2016-09-21T16:28:54+08:00 ] 172.17.0.2 192.168.24.195 GET /
[ log ] 192.168.1.105:9090/ [运行时间：0.014714s][吞吐率：67.96req/s] [内存消耗：236.41kb] [文件加载：31]
[ info ] [ ROUTE ] array (
  'type' => 'module',
  'module' => 
  array (
    0 => '',
    1 => NULL,
    2 => NULL,
  ),
)
[ info ] [ HEADER ] array (
  'home' => '/var/www/vcmycloud',
  'host' => '192.168.1.105:9090',
  'connection' => 'keep-alive',
  'cache-control' => 'max-age=0',
  'accept' => 'text/html,application/xhtml+xml,application/xml;q=0.9,image/webp,*/*;q=0.8',
  'upgrade-insecure-requests' => '1',
  'user-agent' => 'Mozilla/5.0 (Windows NT 10.0; WOW64) AppleWebKit/537.36 (KHTML, like Gecko) Chrome/48.0.2564.116 Safari/537.36',
  'accept-encoding' => 'gzip, deflate, sdch',
  'accept-language' => 'zh-CN,zh;q=0.8',
  'cookie' => 'thinkphp_show_page_trace=1|0; think_var=zh-cn',
)
[ info ] [ PARAM ] array (
)
[ info ] [ RUN ] Method [ <user> public method index ] {
  @@ /var/www/vcmycloud/application/index/controller/Index.php 8 - 13
}

[ info ] [ VIEW ] /var/www/vcmycloud/template/default/index/index.html [ array (
) ]
[ info ] [ LOG ] INIT File: array (
  'path' => '/var/www/vcmycloud/application/runtime/log/',
  'level' => 
  array (
  ),
)

---------------------------------------------------------------
[ 2016-09-21T16:28:54+08:00 ] 172.17.0.2 192.168.24.195 GET /
[ log ] 192.168.1.105:9090/ [运行时间：0.003069s][吞吐率：325.82req/s] [内存消耗：236.41kb] [文件加载：31]
[ info ] [ ROUTE ] array (
  'type' => 'module',
  'module' => 
  array (
    0 => '',
    1 => NULL,
    2 => NULL,
  ),
)
[ info ] [ HEADER ] array (
  'home' => '/var/www/vcmycloud',
  'host' => '192.168.1.105:9090',
  'connection' => 'keep-alive',
  'cache-control' => 'max-age=0',
  'accept' => 'text/html,application/xhtml+xml,application/xml;q=0.9,image/webp,*/*;q=0.8',
  'upgrade-insecure-requests' => '1',
  'user-agent' => 'Mozilla/5.0 (Windows NT 10.0; WOW64) AppleWebKit/537.36 (KHTML, like Gecko) Chrome/48.0.2564.116 Safari/537.36',
  'accept-encoding' => 'gzip, deflate, sdch',
  'accept-language' => 'zh-CN,zh;q=0.8',
  'cookie' => 'thinkphp_show_page_trace=1|0; think_var=zh-cn',
)
[ info ] [ PARAM ] array (
)
[ info ] [ RUN ] Method [ <user> public method index ] {
  @@ /var/www/vcmycloud/application/index/controller/Index.php 8 - 13
}

[ info ] [ VIEW ] /var/www/vcmycloud/template/default/index/index.html [ array (
) ]
[ info ] [ LOG ] INIT File: array (
  'path' => '/var/www/vcmycloud/application/runtime/log/',
  'level' => 
  array (
  ),
)

---------------------------------------------------------------
[ 2016-09-21T16:28:54+08:00 ] 172.17.0.2 192.168.24.195 GET /
[ log ] 192.168.1.105:9090/ [运行时间：0.002881s][吞吐率：347.10req/s] [内存消耗：236.41kb] [文件加载：31]
[ info ] [ ROUTE ] array (
  'type' => 'module',
  'module' => 
  array (
    0 => '',
    1 => NULL,
    2 => NULL,
  ),
)
[ info ] [ HEADER ] array (
  'home' => '/var/www/vcmycloud',
  'host' => '192.168.1.105:9090',
  'connection' => 'keep-alive',
  'cache-control' => 'max-age=0',
  'accept' => 'text/html,application/xhtml+xml,application/xml;q=0.9,image/webp,*/*;q=0.8',
  'upgrade-insecure-requests' => '1',
  'user-agent' => 'Mozilla/5.0 (Windows NT 10.0; WOW64) AppleWebKit/537.36 (KHTML, like Gecko) Chrome/48.0.2564.116 Safari/537.36',
  'accept-encoding' => 'gzip, deflate, sdch',
  'accept-language' => 'zh-CN,zh;q=0.8',
  'cookie' => 'thinkphp_show_page_trace=1|0; think_var=zh-cn',
)
[ info ] [ PARAM ] array (
)
[ info ] [ RUN ] Method [ <user> public method index ] {
  @@ /var/www/vcmycloud/application/index/controller/Index.php 8 - 13
}

[ info ] [ VIEW ] /var/www/vcmycloud/template/default/index/index.html [ array (
) ]
[ info ] [ LOG ] INIT File: array (
  'path' => '/var/www/vcmycloud/application/runtime/log/',
  'level' => 
  array (
  ),
)

---------------------------------------------------------------
[ 2016-09-21T16:28:56+08:00 ] 172.17.0.2 192.168.24.195 GET /
[ log ] 192.168.1.105:9090/ [运行时间：0.017256s][吞吐率：57.95req/s] [内存消耗：236.41kb] [文件加载：31]
[ info ] [ ROUTE ] array (
  'type' => 'module',
  'module' => 
  array (
    0 => '',
    1 => NULL,
    2 => NULL,
  ),
)
[ info ] [ HEADER ] array (
  'home' => '/var/www/vcmycloud',
  'host' => '192.168.1.105:9090',
  'connection' => 'keep-alive',
  'cache-control' => 'max-age=0',
  'accept' => 'text/html,application/xhtml+xml,application/xml;q=0.9,image/webp,*/*;q=0.8',
  'upgrade-insecure-requests' => '1',
  'user-agent' => 'Mozilla/5.0 (Windows NT 10.0; WOW64) AppleWebKit/537.36 (KHTML, like Gecko) Chrome/48.0.2564.116 Safari/537.36',
  'accept-encoding' => 'gzip, deflate, sdch',
  'accept-language' => 'zh-CN,zh;q=0.8',
  'cookie' => 'thinkphp_show_page_trace=1|0; think_var=zh-cn',
)
[ info ] [ PARAM ] array (
)
[ info ] [ RUN ] Method [ <user> public method index ] {
  @@ /var/www/vcmycloud/application/index/controller/Index.php 8 - 13
}

[ info ] [ VIEW ] /var/www/vcmycloud/template/default/index/index.html [ array (
) ]
[ info ] [ LOG ] INIT File: array (
  'path' => '/var/www/vcmycloud/application/runtime/log/',
  'level' => 
  array (
  ),
)

---------------------------------------------------------------
[ 2016-09-21T16:29:11+08:00 ] 172.17.0.2 192.168.24.195 GET /
[ log ] 192.168.1.105:9090/ [运行时间：0.011769s][吞吐率：84.97req/s] [内存消耗：238.30kb] [文件加载：31]
[ info ] [ ROUTE ] array (
  'type' => 'module',
  'module' => 
  array (
    0 => '',
    1 => NULL,
    2 => NULL,
  ),
)
[ info ] [ HEADER ] array (
  'home' => '/var/www/vcmycloud',
  'host' => '192.168.1.105:9090',
  'connection' => 'keep-alive',
  'cache-control' => 'max-age=0',
  'accept' => 'text/html,application/xhtml+xml,application/xml;q=0.9,image/webp,*/*;q=0.8',
  'upgrade-insecure-requests' => '1',
  'user-agent' => 'Mozilla/5.0 (Windows NT 10.0; WOW64) AppleWebKit/537.36 (KHTML, like Gecko) Chrome/48.0.2564.116 Safari/537.36',
  'accept-encoding' => 'gzip, deflate, sdch',
  'accept-language' => 'zh-CN,zh;q=0.8',
  'cookie' => 'thinkphp_show_page_trace=1|0; think_var=zh-cn',
)
[ info ] [ PARAM ] array (
)
[ info ] [ RUN ] Method [ <user> public method index ] {
  @@ /var/www/vcmycloud/application/index/controller/Index.php 8 - 13
}

[ info ] [ VIEW ] /var/www/vcmycloud/template/default/index/index.html [ array (
) ]
[ info ] [ LOG ] INIT File: array (
  'path' => '/var/www/vcmycloud/application/runtime/log/',
  'level' => 
  array (
  ),
)

---------------------------------------------------------------
[ 2016-09-21T16:29:24+08:00 ] 172.17.0.2 192.168.24.195 GET /
[ log ] 192.168.1.105:9090/ [运行时间：0.005741s][吞吐率：174.18req/s] [内存消耗：238.29kb] [文件加载：31]
[ info ] [ ROUTE ] array (
  'type' => 'module',
  'module' => 
  array (
    0 => '',
    1 => NULL,
    2 => NULL,
  ),
)
[ info ] [ HEADER ] array (
  'home' => '/var/www/vcmycloud',
  'host' => '192.168.1.105:9090',
  'connection' => 'keep-alive',
  'cache-control' => 'max-age=0',
  'accept' => 'text/html,application/xhtml+xml,application/xml;q=0.9,image/webp,*/*;q=0.8',
  'upgrade-insecure-requests' => '1',
  'user-agent' => 'Mozilla/5.0 (Windows NT 10.0; WOW64) AppleWebKit/537.36 (KHTML, like Gecko) Chrome/48.0.2564.116 Safari/537.36',
  'accept-encoding' => 'gzip, deflate, sdch',
  'accept-language' => 'zh-CN,zh;q=0.8',
  'cookie' => 'thinkphp_show_page_trace=1|0; think_var=zh-cn',
)
[ info ] [ PARAM ] array (
)
[ info ] [ RUN ] Method [ <user> public method index ] {
  @@ /var/www/vcmycloud/application/index/controller/Index.php 8 - 13
}

[ info ] [ VIEW ] /var/www/vcmycloud/template/default/index/index.html [ array (
) ]
[ info ] [ LOG ] INIT File: array (
  'path' => '/var/www/vcmycloud/application/runtime/log/',
  'level' => 
  array (
  ),
)

---------------------------------------------------------------
[ 2016-09-21T16:29:42+08:00 ] 172.17.0.2 192.168.24.195 GET /
[ log ] 192.168.1.105:9090/ [运行时间：0.009930s][吞吐率：100.70req/s] [内存消耗：237.23kb] [文件加载：31]
[ info ] [ ROUTE ] array (
  'type' => 'module',
  'module' => 
  array (
    0 => '',
    1 => NULL,
    2 => NULL,
  ),
)
[ info ] [ HEADER ] array (
  'home' => '/var/www/vcmycloud',
  'host' => '192.168.1.105:9090',
  'connection' => 'keep-alive',
  'cache-control' => 'max-age=0',
  'accept' => 'text/html,application/xhtml+xml,application/xml;q=0.9,image/webp,*/*;q=0.8',
  'upgrade-insecure-requests' => '1',
  'user-agent' => 'Mozilla/5.0 (Windows NT 10.0; WOW64) AppleWebKit/537.36 (KHTML, like Gecko) Chrome/48.0.2564.116 Safari/537.36',
  'accept-encoding' => 'gzip, deflate, sdch',
  'accept-language' => 'zh-CN,zh;q=0.8',
  'cookie' => 'thinkphp_show_page_trace=1|0; think_var=zh-cn',
)
[ info ] [ PARAM ] array (
)
[ info ] [ RUN ] Method [ <user> public method index ] {
  @@ /var/www/vcmycloud/application/index/controller/Index.php 8 - 13
}

[ info ] [ VIEW ] /var/www/vcmycloud/template/default/index/index.html [ array (
) ]
[ info ] [ LOG ] INIT File: array (
  'path' => '/var/www/vcmycloud/application/runtime/log/',
  'level' => 
  array (
  ),
)

---------------------------------------------------------------
